  11.27.cpp
c:\users\yeeeeh\source\repos\20181127\20181127\11.27.cpp(11): error C2011: 'complex': 'struct' 형식 재정의
  c:\users\yeeeeh\source\repos\20181127\20181127\11.27.cpp(7): note: 'complex' 선언을 참조하십시오.
c:\users\yeeeeh\source\repos\20181127\20181127\11.27.cpp(28): error C2027: 정의되지 않은 형식 'complex'을(를) 사용했습니다.
  c:\users\yeeeeh\source\repos\20181127\20181127\11.27.cpp(7): note: 'complex' 선언을 참조하십시오.
c:\users\yeeeeh\source\repos\20181127\20181127\11.27.cpp(28): warning C4473: 'printf': 서식 문자열에 대한 인수가 충분하게 전달되지 않았습니다.
  c:\users\yeeeeh\source\repos\20181127\20181127\11.27.cpp(28): note: 자리 표시자 및 해당 매개 변수에는 variadic 인수가 2개 필요하지만 0개가 제공되었습니다.
  c:\users\yeeeeh\source\repos\20181127\20181127\11.27.cpp(28): note: 누락된 variadic 인수 1이(가) 서식 문자열 '%f'에 필요합니다.
c:\users\yeeeeh\source\repos\20181127\20181127\11.27.cpp(37): error C2027: 정의되지 않은 형식 'complex'을(를) 사용했습니다.
  c:\users\yeeeeh\source\repos\20181127\20181127\11.27.cpp(7): note: 'complex' 선언을 참조하십시오.
c:\users\yeeeeh\source\repos\20181127\20181127\11.27.cpp(44): error C2079: 'temp'은(는) 정의되지 않은 struct 'complex'을(를) 사용합니다.
c:\users\yeeeeh\source\repos\20181127\20181127\11.27.cpp(45): error C2027: 정의되지 않은 형식 'complex'을(를) 사용했습니다.
  c:\users\yeeeeh\source\repos\20181127\20181127\11.27.cpp(7): note: 'complex' 선언을 참조하십시오.
c:\users\yeeeeh\source\repos\20181127\20181127\11.27.cpp(46): error C2440: 'return': 'int *'에서 'Complex *'(으)로 변환할 수 없습니다.
  c:\users\yeeeeh\source\repos\20181127\20181127\11.27.cpp(46): note: 가리킨 형식이 관련이 없습니다. 변환하려면 reinterpret_cast, C 스타일 캐스트 또는 함수 스타일 캐스트가 필요합니다.
c:\users\yeeeeh\source\repos\20181127\20181127\11.27.cpp(54): error C2079: 'a'은(는) 정의되지 않은 struct 'complex'을(를) 사용합니다.
c:\users\yeeeeh\source\repos\20181127\20181127\11.27.cpp(54): error C2079: 'b'은(는) 정의되지 않은 struct 'complex'을(를) 사용합니다.
c:\users\yeeeeh\source\repos\20181127\20181127\11.27.cpp(59): error C2664: 'Complex *returnConjugate(Complex *)': 인수 1을(를) 'int *'에서 'Complex *'(으)로 변환할 수 없습니다.
  c:\users\yeeeeh\source\repos\20181127\20181127\11.27.cpp(59): note: 가리킨 형식이 관련이 없습니다. 변환하려면 reinterpret_cast, C 스타일 캐스트 또는 함수 스타일 캐스트가 필요합니다.
c:\users\yeeeeh\source\repos\20181127\20181127\11.27.cpp(60): error C2664: 'void printComplex(Complex *)': 인수 1을(를) 'int *'에서 'Complex *'(으)로 변환할 수 없습니다.
  c:\users\yeeeeh\source\repos\20181127\20181127\11.27.cpp(60): note: 가리킨 형식이 관련이 없습니다. 변환하려면 reinterpret_cast, C 스타일 캐스트 또는 함수 스타일 캐스트가 필요합니다.
c:\users\yeeeeh\source\repos\20181127\20181127\11.27.cpp(61): error C2664: 'void convertToconjugate(Complex *)': 인수 1을(를) 'int *'에서 'Complex *'(으)로 변환할 수 없습니다.
  c:\users\yeeeeh\source\repos\20181127\20181127\11.27.cpp(61): note: 가리킨 형식이 관련이 없습니다. 변환하려면 reinterpret_cast, C 스타일 캐스트 또는 함수 스타일 캐스트가 필요합니다.
c:\users\yeeeeh\source\repos\20181127\20181127\11.27.cpp(61): error C2664: 'void printComplex(Complex *)': 인수 1을(를) 'int *'에서 'Complex *'(으)로 변환할 수 없습니다.
  c:\users\yeeeeh\source\repos\20181127\20181127\11.27.cpp(61): note: 가리킨 형식이 관련이 없습니다. 변환하려면 reinterpret_cast, C 스타일 캐스트 또는 함수 스타일 캐스트가 필요합니다.
c:\users\yeeeeh\source\repos\20181127\20181127\11.27.cpp(63): error C2440: '=': 'int *'에서 'Complex *'(으)로 변환할 수 없습니다.
  c:\users\yeeeeh\source\repos\20181127\20181127\11.27.cpp(63): note: 가리킨 형식이 관련이 없습니다. 변환하려면 reinterpret_cast, C 스타일 캐스트 또는 함수 스타일 캐스트가 필요합니다.
c:\users\yeeeeh\source\repos\20181127\20181127\11.27.cpp(64): error C2027: 정의되지 않은 형식 'complex'을(를) 사용했습니다.
  c:\users\yeeeeh\source\repos\20181127\20181127\11.27.cpp(7): note: 'complex' 선언을 참조하십시오.
c:\users\yeeeeh\source\repos\20181127\20181127\11.27.cpp(65): error C2027: 정의되지 않은 형식 'complex'을(를) 사용했습니다.
  c:\users\yeeeeh\source\repos\20181127\20181127\11.27.cpp(7): note: 'complex' 선언을 참조하십시오.
c:\users\yeeeeh\source\repos\20181127\20181127\11.27.cpp(66): error C2664: 'void printComplex(Complex *)': 인수 1을(를) 'int *'에서 'Complex *'(으)로 변환할 수 없습니다.
  c:\users\yeeeeh\source\repos\20181127\20181127\11.27.cpp(66): note: 가리킨 형식이 관련이 없습니다. 변환하려면 reinterpret_cast, C 스타일 캐스트 또는 함수 스타일 캐스트가 필요합니다.
